15:18:08 **** Incremental Build of configuration Nios II for project Proyecto ****
make all 
Info: Building ../Proyecto_bsp/
C:/intelFPGA/17.0/nios2eds/bin/gnu/H-x86_64-mingw32/bin/make --no-print-directory -C ../Proyecto_bsp/
[BSP build complete]
[Proyecto build complete]
15:18:18 **** Build of configuration Nios II for project Proyecto ****
make all 
Info: Building ../Proyecto_bsp/
C:/intelFPGA/17.0/nios2eds/bin/gnu/H-x86_64-mingw32/bin/make --no-print-directory -C ../Proyecto_bsp/
[BSP build complete]
[Proyecto build complete]
15:18:21 **** Incremental Build of configuration Nios II for project Proyecto ****
make all 
Info: Building ../Proyecto_bsp/
C:/intelFPGA/17.0/nios2eds/bin/gnu/H-x86_64-mingw32/bin/make --no-print-directory -C ../Proyecto_bsp/
[BSP build complete]
[Proyecto build complete]
15:19:17 **** Incremental Build of configuration Nios II for project Proyecto ****
make all 
Info: Building ../Proyecto_bsp/
C:/intelFPGA/17.0/nios2eds/bin/gnu/H-x86_64-mingw32/bin/make --no-print-directory -C ../Proyecto_bsp/
[BSP build complete]
Info: Compiling hello_world.c to obj/default/hello_world.o
nios2-elf-gcc -xc -MP -MMD -c -I../Proyecto_bsp//HAL/inc -I../Proyecto_bsp/ -I../Proyecto_bsp//drivers/inc  -pipe -D__hal__ -DALT_NO_INSTRUCTION_EMULATION -DALT_SINGLE_THREADED    -O0 -g -Wall   -mno-hw-div -mhw-mul -mno-hw-mulx -mgpopt=global  -o obj/default/hello_world.o hello_world.c
hello_world.c: In function 'main':
hello_world.c:163:3: warning: implicit declaration of function 'usleep' [-Wimplicit-function-declaration]
   usleep(1000000);
   ^
Info: Linking Proyecto.elf
nios2-elf-g++  -T'../Proyecto_bsp//linker.x' -msys-crt0='../Proyecto_bsp//obj/HAL/src/crt0.o' -msys-lib=hal_bsp -L../Proyecto_bsp/   -Wl,-Map=Proyecto.map   -O0 -g -Wall   -mno-hw-div -mhw-mul -mno-hw-mulx -mgpopt=global  -o Proyecto.elf obj/default/hello_world.o -lm -msys-lib=m
nios2-elf-insert Proyecto.elf --thread_model hal --cpu_name Procesador1 --qsys true --simulation_enabled false --stderr_dev JTAG_UART --stdin_dev JTAG_UART --stdout_dev JTAG_UART --sopc_system_name SISTEMA --quartus_project_dir "C:/Users/Estudiante/Documents/ProyectoBE/PROYECTOBE" --jdi ../..//output_files/ACTIVIDAD5.jdi --sopcinfo C:/Users/Estudiante/Documents/ProyectoBE/PROYECTOBE/software/Proyecto_bsp/../../SISTEMA.sopcinfo
Info: (Proyecto.elf) 80 KBytes program size (code + initialized data).
Info:                37 KBytes free for stack + heap.
Info: Creating Proyecto.objdump
nios2-elf-objdump --disassemble --syms --all-header --source Proyecto.elf >Proyecto.objdump
[Proyecto build complete]
15:19:21 **** Incremental Build of configuration Nios II for project Proyecto_bsp ****
make all 
[BSP build complete]
15:19:31 **** Build of configuration Nios II for project Proyecto ****
make all 
Info: Building ../Proyecto_bsp/
C:/intelFPGA/17.0/nios2eds/bin/gnu/H-x86_64-mingw32/bin/make --no-print-directory -C ../Proyecto_bsp/
[BSP build complete]
[Proyecto build complete]
15:19:33 **** Incremental Build of configuration Nios II for project Proyecto ****
make all 
Info: Building ../Proyecto_bsp/
C:/intelFPGA/17.0/nios2eds/bin/gnu/H-x86_64-mingw32/bin/make --no-print-directory -C ../Proyecto_bsp/
[BSP build complete]
[Proyecto build complete]
