13:05:32 **** Incremental Build of configuration Nios II for project prueba1 ****
make all 
Info: Building ../prueba1_bsp/
C:/intelFPGA/17.0/nios2eds/bin/gnu/H-x86_64-mingw32/bin/make --no-print-directory -C ../prueba1_bsp/
[BSP build complete]
[prueba1 build complete]
13:05:41 **** Build of configuration Nios II for project prueba1 ****
make all 
Info: Building ../prueba1_bsp/
C:/intelFPGA/17.0/nios2eds/bin/gnu/H-x86_64-mingw32/bin/make --no-print-directory -C ../prueba1_bsp/
[BSP build complete]
[prueba1 build complete]
13:05:42 **** Incremental Build of configuration Nios II for project prueba1 ****
make all 
Info: Building ../prueba1_bsp/
C:/intelFPGA/17.0/nios2eds/bin/gnu/H-x86_64-mingw32/bin/make --no-print-directory -C ../prueba1_bsp/
[BSP build complete]
[prueba1 build complete]
13:06:33 **** Incremental Build of configuration Nios II for project prueba1 ****
make all 
Info: Building ../prueba1_bsp/
C:/intelFPGA/17.0/nios2eds/bin/gnu/H-x86_64-mingw32/bin/make --no-print-directory -C ../prueba1_bsp/
[BSP build complete]
Info: Compiling hello_world.c to obj/default/hello_world.o
nios2-elf-gcc -xc -MP -MMD -c -I../prueba1_bsp//HAL/inc -I../prueba1_bsp/ -I../prueba1_bsp//drivers/inc  -pipe -D__hal__ -DALT_NO_C_PLUS_PLUS -DALT_NO_INSTRUCTION_EMULATION -DALT_USE_SMALL_DRIVERS -DSMALL_C_LIB -DALT_SINGLE_THREADED    -O0 -g -Wall   -mno-hw-div -mno-hw-mul -mno-hw-mulx -mgpopt=global  -o obj/default/hello_world.o hello_world.c
hello_world.c: In function 'main':
hello_world.c:64:3: warning: implicit declaration of function 'usleep' [-Wimplicit-function-declaration]
   usleep(1000000);
   ^
Info: Linking prueba1.elf
nios2-elf-g++  -T'../prueba1_bsp//linker.x' -msys-crt0='../prueba1_bsp//obj/HAL/src/crt0.o' -msys-lib=hal_bsp -L../prueba1_bsp/  -msmallc  -Wl,-Map=prueba1.map   -O0 -g -Wall   -mno-hw-div -mno-hw-mul -mno-hw-mulx -mgpopt=global  -o prueba1.elf obj/default/hello_world.o -lm -msys-lib=m
nios2-elf-insert prueba1.elf --thread_model hal --cpu_name Procesador1 --qsys true --simulation_enabled false --stderr_dev JTAG_UART --stdin_dev JTAG_UART --stdout_dev JTAG_UART --sopc_system_name SISTEMA --quartus_project_dir "C:/Users/Estudiante/Desktop/ProyectoMauricio/PROYECTOBE" --jdi ../..//output_files/ACTIVIDAD5.jdi --sopcinfo C:/Users/Estudiante/Desktop/ProyectoMauricio/PROYECTOBE/software/prueba1_bsp/../../SISTEMA.sopcinfo
Info: (prueba1.elf) 18 KBytes program size (code + initialized data).
Info:               105 KBytes free for stack + heap.
Info: Creating prueba1.objdump
nios2-elf-objdump --disassemble --syms --all-header --source prueba1.elf >prueba1.objdump
[prueba1 build complete]
13:06:36 **** Incremental Build of configuration Nios II for project prueba1_bsp ****
make all 
[BSP build complete]
13:06:37 **** Incremental Build of configuration Nios II for project prueba2 ****
make all 
Info: Building ../prueba2_bsp/
C:/intelFPGA/17.0/nios2eds/bin/gnu/H-x86_64-mingw32/bin/make --no-print-directory -C ../prueba2_bsp/
[BSP build complete]
[prueba2 build complete]
13:06:38 **** Incremental Build of configuration Nios II for project prueba2_bsp ****
make all 
[BSP build complete]
13:06:46 **** Build of configuration Nios II for project prueba1 ****
make all 
Info: Building ../prueba1_bsp/
C:/intelFPGA/17.0/nios2eds/bin/gnu/H-x86_64-mingw32/bin/make --no-print-directory -C ../prueba1_bsp/
[BSP build complete]
[prueba1 build complete]
13:06:48 **** Incremental Build of configuration Nios II for project prueba1 ****
make all 
Info: Building ../prueba1_bsp/
C:/intelFPGA/17.0/nios2eds/bin/gnu/H-x86_64-mingw32/bin/make --no-print-directory -C ../prueba1_bsp/
[BSP build complete]
[prueba1 build complete]
13:07:59 **** Incremental Build of configuration Nios II for project prueba1 ****
make all 
Info: Building ../prueba1_bsp/
C:/intelFPGA/17.0/nios2eds/bin/gnu/H-x86_64-mingw32/bin/make --no-print-directory -C ../prueba1_bsp/
[BSP build complete]
Info: Compiling hello_world.c to obj/default/hello_world.o
nios2-elf-gcc -xc -MP -MMD -c -I../prueba1_bsp//HAL/inc -I../prueba1_bsp/ -I../prueba1_bsp//drivers/inc  -pipe -D__hal__ -DALT_NO_C_PLUS_PLUS -DALT_NO_INSTRUCTION_EMULATION -DALT_USE_SMALL_DRIVERS -DSMALL_C_LIB -DALT_SINGLE_THREADED    -O0 -g -Wall   -mno-hw-div -mno-hw-mul -mno-hw-mulx -mgpopt=global  -o obj/default/hello_world.o hello_world.c
hello_world.c: In function 'main':
hello_world.c:64:3: warning: implicit declaration of function 'usleep' [-Wimplicit-function-declaration]
   usleep(1000000);
   ^
Info: Linking prueba1.elf
nios2-elf-g++  -T'../prueba1_bsp//linker.x' -msys-crt0='../prueba1_bsp//obj/HAL/src/crt0.o' -msys-lib=hal_bsp -L../prueba1_bsp/  -msmallc  -Wl,-Map=prueba1.map   -O0 -g -Wall   -mno-hw-div -mno-hw-mul -mno-hw-mulx -mgpopt=global  -o prueba1.elf obj/default/hello_world.o -lm -msys-lib=m
nios2-elf-insert prueba1.elf --thread_model hal --cpu_name Procesador1 --qsys true --simulation_enabled false --stderr_dev JTAG_UART --stdin_dev JTAG_UART --stdout_dev JTAG_UART --sopc_system_name SISTEMA --quartus_project_dir "C:/Users/Estudiante/Desktop/ProyectoMauricio/PROYECTOBE" --jdi ../..//output_files/ACTIVIDAD5.jdi --sopcinfo C:/Users/Estudiante/Desktop/ProyectoMauricio/PROYECTOBE/software/prueba1_bsp/../../SISTEMA.sopcinfo
Info: (prueba1.elf) 18 KBytes program size (code + initialized data).
Info:               105 KBytes free for stack + heap.
Info: Creating prueba1.objdump
nios2-elf-objdump --disassemble --syms --all-header --source prueba1.elf >prueba1.objdump
[prueba1 build complete]
13:08:02 **** Incremental Build of configuration Nios II for project prueba1_bsp ****
make all 
[BSP build complete]
13:08:03 **** Incremental Build of configuration Nios II for project prueba2 ****
make all 
Info: Building ../prueba2_bsp/
C:/intelFPGA/17.0/nios2eds/bin/gnu/H-x86_64-mingw32/bin/make --no-print-directory -C ../prueba2_bsp/
[BSP build complete]
[prueba2 build complete]
13:08:05 **** Incremental Build of configuration Nios II for project prueba2_bsp ****
make all 
[BSP build complete]
13:09:21 **** Build of configuration Nios II for project prueba1 ****
make all 
Info: Building ../prueba1_bsp/
C:/intelFPGA/17.0/nios2eds/bin/gnu/H-x86_64-mingw32/bin/make --no-print-directory -C ../prueba1_bsp/
[BSP build complete]
[prueba1 build complete]
13:09:22 **** Incremental Build of configuration Nios II for project prueba1 ****
make all 
Info: Building ../prueba1_bsp/
C:/intelFPGA/17.0/nios2eds/bin/gnu/H-x86_64-mingw32/bin/make --no-print-directory -C ../prueba1_bsp/
[BSP build complete]
[prueba1 build complete]
13:10:06 **** Incremental Build of configuration Nios II for project prueba1 ****
make all 
Info: Building ../prueba1_bsp/
C:/intelFPGA/17.0/nios2eds/bin/gnu/H-x86_64-mingw32/bin/make --no-print-directory -C ../prueba1_bsp/
[BSP build complete]
Info: Compiling hello_world.c to obj/default/hello_world.o
nios2-elf-gcc -xc -MP -MMD -c -I../prueba1_bsp//HAL/inc -I../prueba1_bsp/ -I../prueba1_bsp//drivers/inc  -pipe -D__hal__ -DALT_NO_C_PLUS_PLUS -DALT_NO_INSTRUCTION_EMULATION -DALT_USE_SMALL_DRIVERS -DSMALL_C_LIB -DALT_SINGLE_THREADED    -O0 -g -Wall   -mno-hw-div -mno-hw-mul -mno-hw-mulx -mgpopt=global  -o obj/default/hello_world.o hello_world.c
hello_world.c: In function 'main':
hello_world.c:64:3: warning: implicit declaration of function 'usleep' [-Wimplicit-function-declaration]
   usleep(1000000);
   ^
Info: Linking prueba1.elf
nios2-elf-g++  -T'../prueba1_bsp//linker.x' -msys-crt0='../prueba1_bsp//obj/HAL/src/crt0.o' -msys-lib=hal_bsp -L../prueba1_bsp/  -msmallc  -Wl,-Map=prueba1.map   -O0 -g -Wall   -mno-hw-div -mno-hw-mul -mno-hw-mulx -mgpopt=global  -o prueba1.elf obj/default/hello_world.o -lm -msys-lib=m
nios2-elf-insert prueba1.elf --thread_model hal --cpu_name Procesador1 --qsys true --simulation_enabled false --stderr_dev JTAG_UART --stdin_dev JTAG_UART --stdout_dev JTAG_UART --sopc_system_name SISTEMA --quartus_project_dir "C:/Users/Estudiante/Desktop/ProyectoMauricio/PROYECTOBE" --jdi ../..//output_files/ACTIVIDAD5.jdi --sopcinfo C:/Users/Estudiante/Desktop/ProyectoMauricio/PROYECTOBE/software/prueba1_bsp/../../SISTEMA.sopcinfo
Info: (prueba1.elf) 18 KBytes program size (code + initialized data).
Info:               105 KBytes free for stack + heap.
Info: Creating prueba1.objdump
nios2-elf-objdump --disassemble --syms --all-header --source prueba1.elf >prueba1.objdump
[prueba1 build complete]
13:10:09 **** Incremental Build of configuration Nios II for project prueba1_bsp ****
make all 
[BSP build complete]
13:10:10 **** Incremental Build of configuration Nios II for project prueba2 ****
make all 
Info: Building ../prueba2_bsp/
C:/intelFPGA/17.0/nios2eds/bin/gnu/H-x86_64-mingw32/bin/make --no-print-directory -C ../prueba2_bsp/
[BSP build complete]
[prueba2 build complete]
13:10:11 **** Incremental Build of configuration Nios II for project prueba2_bsp ****
make all 
[BSP build complete]
13:10:16 **** Build of configuration Nios II for project prueba1 ****
make all 
Info: Building ../prueba1_bsp/
C:/intelFPGA/17.0/nios2eds/bin/gnu/H-x86_64-mingw32/bin/make --no-print-directory -C ../prueba1_bsp/
[BSP build complete]
[prueba1 build complete]
13:10:18 **** Incremental Build of configuration Nios II for project prueba1 ****
make all 
Info: Building ../prueba1_bsp/
C:/intelFPGA/17.0/nios2eds/bin/gnu/H-x86_64-mingw32/bin/make --no-print-directory -C ../prueba1_bsp/
[BSP build complete]
[prueba1 build complete]
